<?xml version="1.0" encoding="UTF-8" standalone="yes"?><!DOCTYPE report PUBLIC "-//JACOCO//DTD Report 1.1//EN" "report.dtd"><report name="Coverage with Jacoco"><sessioninfo id="DESKTOP-S6P74G8-f56405b" start="1578610968654" dump="1578610972123"/><sessioninfo id="DESKTOP-S6P74G8-cb5982da" start="1578610972695" dump="1578610975674"/><sessioninfo id="DESKTOP-S6P74G8-107e3114" start="1578610976093" dump="1578610979527"/><sessioninfo id="DESKTOP-S6P74G8-c9120311" start="1578610979947" dump="1578610980932"/><sessioninfo id="DESKTOP-S6P74G8-574cae" start="1578610981407" dump="1578610984970"/><package name="es/unileon/prg1/candyClean"><class name="es/unileon/prg1/candyClean/CandyCleanTest"><method name="&lt;init&gt;" desc="()V"><counter type="INSTRUCTION" missed="0" covered="3"/><counter type="COMPLEXITY" missed="0" covered="1"/><counter type="METHOD" missed="0" covered="1"/></method><method name="inicializar" desc="()V"><counter type="INSTRUCTION" missed="0" covered="16"/><counter type="COMPLEXITY" missed="0" covered="1"/><counter type="METHOD" missed="0" covered="1"/></method><method name="testGetBoard" desc="()V"><counter type="INSTRUCTION" missed="0" covered="8"/><counter type="COMPLEXITY" missed="0" covered="1"/><counter type="METHOD" missed="0" covered="1"/></method><method name="testBoardEmpty" desc="()V"><counter type="INSTRUCTION" missed="0" covered="38"/><counter type="BRANCH" missed="0" covered="4"/><counter type="COMPLEXITY" missed="0" covered="3"/><counter type="METHOD" missed="0" covered="1"/></method><method name="testSelectBox" desc="()V"><counter type="INSTRUCTION" missed="0" covered="117"/><counter type="COMPLEXITY" missed="0" covered="1"/><counter type="METHOD" missed="0" covered="1"/></method><method name="testSelectBoxlb" desc="()V"><counter type="INSTRUCTION" missed="0" covered="179"/><counter type="COMPLEXITY" missed="0" covered="1"/><counter type="METHOD" missed="0" covered="1"/></method><method name="testCheckWin" desc="()V"><counter type="INSTRUCTION" missed="0" covered="81"/><counter type="BRANCH" missed="0" covered="4"/><counter type="COMPLEXITY" missed="0" covered="3"/><counter type="METHOD" missed="0" covered="1"/></method><method name="testCheckLoose" desc="()V"><counter type="INSTRUCTION" missed="0" covered="89"/><counter type="BRANCH" missed="0" covered="4"/><counter type="COMPLEXITY" missed="0" covered="3"/><counter type="METHOD" missed="0" covered="1"/></method><counter type="INSTRUCTION" missed="0" covered="531"/><counter type="BRANCH" missed="0" covered="12"/><counter type="COMPLEXITY" missed="0" covered="14"/><counter type="METHOD" missed="0" covered="8"/><counter type="CLASS" missed="0" covered="1"/></class><class name="es/unileon/prg1/candyClean/BackgroundColor" sourcefilename="BackgroundColor.java"><method name="&lt;clinit&gt;" desc="()V" line="3"><counter type="INSTRUCTION" missed="0" covered="84"/><counter type="LINE" missed="0" covered="2"/><counter type="COMPLEXITY" missed="0" covered="1"/><counter type="METHOD" missed="0" covered="1"/></method><counter type="INSTRUCTION" missed="0" covered="84"/><counter type="LINE" missed="0" covered="2"/><counter type="COMPLEXITY" missed="0" covered="1"/><counter type="METHOD" missed="0" covered="1"/><counter type="CLASS" missed="0" covered="1"/></class><class name="es/unileon/prg1/candyClean/CandyClean" sourcefilename="CandyClean.java"><method name="&lt;init&gt;" desc="(II)V" line="23"><counter type="INSTRUCTION" missed="0" covered="13"/><counter type="LINE" missed="0" covered="4"/><counter type="COMPLEXITY" missed="0" covered="1"/><counter type="METHOD" missed="0" covered="1"/></method><method name="selectBox" desc="(II)V" line="34"><counter type="INSTRUCTION" missed="0" covered="10"/><counter type="LINE" missed="0" covered="3"/><counter type="COMPLEXITY" missed="0" covered="1"/><counter type="METHOD" missed="0" covered="1"/></method><method name="checkWin" desc="()Z" line="40"><counter type="INSTRUCTION" missed="0" covered="50"/><counter type="BRANCH" missed="0" covered="6"/><counter type="LINE" missed="0" covered="11"/><counter type="COMPLEXITY" missed="0" covered="4"/><counter type="METHOD" missed="0" covered="1"/></method><method name="checkLoose" desc="()Z" line="57"><counter type="INSTRUCTION" missed="0" covered="65"/><counter type="BRANCH" missed="1" covered="7"/><counter type="LINE" missed="0" covered="11"/><counter type="COMPLEXITY" missed="1" covered="4"/><counter type="METHOD" missed="0" covered="1"/></method><method name="getBoard" desc="()Les/unileon/prg1/candyClean/Board;" line="75"><counter type="INSTRUCTION" missed="0" covered="3"/><counter type="LINE" missed="0" covered="1"/><counter type="COMPLEXITY" missed="0" covered="1"/><counter type="METHOD" missed="0" covered="1"/></method><method name="setBoard" desc="(Les/unileon/prg1/candyClean/Board;)V" line="79"><counter type="INSTRUCTION" missed="0" covered="4"/><counter type="LINE" missed="0" covered="2"/><counter type="COMPLEXITY" missed="0" covered="1"/><counter type="METHOD" missed="0" covered="1"/></method><method name="toString" desc="()Ljava/lang/String;" line="89"><counter type="INSTRUCTION" missed="4" covered="0"/><counter type="LINE" missed="1" covered="0"/><counter type="COMPLEXITY" missed="1" covered="0"/><counter type="METHOD" missed="1" covered="0"/></method><method name="&lt;clinit&gt;" desc="()V" line="14"><counter type="INSTRUCTION" missed="0" covered="4"/><counter type="LINE" missed="0" covered="1"/><counter type="COMPLEXITY" missed="0" covered="1"/><counter type="METHOD" missed="0" covered="1"/></method><counter type="INSTRUCTION" missed="4" covered="149"/><counter type="BRANCH" missed="1" covered="13"/><counter type="LINE" missed="1" covered="33"/><counter type="COMPLEXITY" missed="2" covered="13"/><counter type="METHOD" missed="1" covered="7"/><counter type="CLASS" missed="0" covered="1"/></class><class name="es/unileon/prg1/candyClean/MainCandyClean" sourcefilename="MainCandyClean.java"><method name="&lt;init&gt;" desc="()V" line="9"><counter type="INSTRUCTION" missed="3" covered="0"/><counter type="LINE" missed="1" covered="0"/><counter type="COMPLEXITY" missed="1" covered="0"/><counter type="METHOD" missed="1" covered="0"/></method><method name="main" desc="([Ljava/lang/String;)V" line="13"><counter type="INSTRUCTION" missed="38" covered="0"/><counter type="BRANCH" missed="2" covered="0"/><counter type="LINE" missed="11" covered="0"/><counter type="COMPLEXITY" missed="2" covered="0"/><counter type="METHOD" missed="1" covered="0"/></method><counter type="INSTRUCTION" missed="41" covered="0"/><counter type="BRANCH" missed="2" covered="0"/><counter type="LINE" missed="12" covered="0"/><counter type="COMPLEXITY" missed="3" covered="0"/><counter type="METHOD" missed="2" covered="0"/><counter type="CLASS" missed="1" covered="0"/></class><class name="es/unileon/prg1/candyClean/CandyCleanException" sourcefilename="CandyCleanException.java"><method name="&lt;init&gt;" desc="(Ljava/lang/String;)V" line="12"><counter type="INSTRUCTION" missed="4" covered="0"/><counter type="LINE" missed="2" covered="0"/><counter type="COMPLEXITY" missed="1" covered="0"/><counter type="METHOD" missed="1" covered="0"/></method><counter type="INSTRUCTION" missed="4" covered="0"/><counter type="LINE" missed="2" covered="0"/><counter type="COMPLEXITY" missed="1" covered="0"/><counter type="METHOD" missed="1" covered="0"/><counter type="CLASS" missed="1" covered="0"/></class><class name="es/unileon/prg1/candyClean/AllTests"><method name="&lt;init&gt;" desc="()V"><counter type="INSTRUCTION" missed="3" covered="0"/><counter type="COMPLEXITY" missed="1" covered="0"/><counter type="METHOD" missed="1" covered="0"/></method><counter type="INSTRUCTION" missed="3" covered="0"/><counter type="COMPLEXITY" missed="1" covered="0"/><counter type="METHOD" missed="1" covered="0"/><counter type="CLASS" missed="1" covered="0"/></class><class name="es/unileon/prg1/candyClean/ColorTest"><method name="&lt;init&gt;" desc="()V"><counter type="INSTRUCTION" missed="0" covered="3"/><counter type="COMPLEXITY" missed="0" covered="1"/><counter type="METHOD" missed="0" covered="1"/></method><method name="setup" desc="()V"><counter type="INSTRUCTION" missed="0" covered="20"/><counter type="COMPLEXITY" missed="0" covered="1"/><counter type="METHOD" missed="0" covered="1"/></method><method name="testGetColorName" desc="()V"><counter type="INSTRUCTION" missed="0" covered="6"/><counter type="COMPLEXITY" missed="0" covered="1"/><counter type="METHOD" missed="0" covered="1"/></method><method name="testColor" desc="()V"><counter type="INSTRUCTION" missed="0" covered="6"/><counter type="COMPLEXITY" missed="0" covered="1"/><counter type="METHOD" missed="0" covered="1"/></method><method name="testAnotherColor" desc="()V"><counter type="INSTRUCTION" missed="0" covered="6"/><counter type="COMPLEXITY" missed="0" covered="1"/><counter type="METHOD" missed="0" covered="1"/></method><method name="testEquals" desc="()V"><counter type="INSTRUCTION" missed="0" covered="13"/><counter type="COMPLEXITY" missed="0" covered="1"/><counter type="METHOD" missed="0" covered="1"/></method><method name="testNotEquals" desc="()V"><counter type="INSTRUCTION" missed="0" covered="13"/><counter type="COMPLEXITY" missed="0" covered="1"/><counter type="METHOD" missed="0" covered="1"/></method><method name="testWrongColor" desc="()V"><counter type="INSTRUCTION" missed="7" covered="0"/><counter type="COMPLEXITY" missed="1" covered="0"/><counter type="METHOD" missed="1" covered="0"/></method><method name="testToString0" desc="()V"><counter type="INSTRUCTION" missed="0" covered="7"/><counter type="COMPLEXITY" missed="0" covered="1"/><counter type="METHOD" missed="0" covered="1"/></method><method name="testToString" desc="()V"><counter type="INSTRUCTION" missed="0" covered="6"/><counter type="COMPLEXITY" missed="0" covered="1"/><counter type="METHOD" missed="0" covered="1"/></method><counter type="INSTRUCTION" missed="7" covered="80"/><counter type="COMPLEXITY" missed="1" covered="9"/><counter type="METHOD" missed="1" covered="9"/><counter type="CLASS" missed="0" covered="1"/></class><class name="es/unileon/prg1/candyClean/Color" sourcefilename="Color.java"><method name="&lt;init&gt;" desc="(Les/unileon/prg1/candyClean/BackgroundColor;)V" line="6"><counter type="INSTRUCTION" missed="0" covered="90"/><counter type="BRANCH" missed="1" covered="8"/><counter type="LINE" missed="0" covered="27"/><counter type="COMPLEXITY" missed="1" covered="8"/><counter type="METHOD" missed="0" covered="1"/></method><method name="&lt;init&gt;" desc="(I)V" line="48"><counter type="INSTRUCTION" missed="0" covered="6"/><counter type="LINE" missed="0" covered="2"/><counter type="COMPLEXITY" missed="0" covered="1"/><counter type="METHOD" missed="0" covered="1"/></method><method name="&lt;init&gt;" desc="(Les/unileon/prg1/candyClean/Color;)V" line="6"><counter type="INSTRUCTION" missed="0" covered="34"/><counter type="LINE" missed="0" covered="12"/><counter type="COMPLEXITY" missed="0" covered="1"/><counter type="METHOD" missed="0" covered="1"/></method><method name="getColor" desc="()Ljava/lang/String;" line="56"><counter type="INSTRUCTION" missed="0" covered="3"/><counter type="LINE" missed="0" covered="1"/><counter type="COMPLEXITY" missed="0" covered="1"/><counter type="METHOD" missed="0" covered="1"/></method><method name="getColorName" desc="()Ljava/lang/String;" line="60"><counter type="INSTRUCTION" missed="0" covered="3"/><counter type="LINE" missed="0" covered="1"/><counter type="COMPLEXITY" missed="0" covered="1"/><counter type="METHOD" missed="0" covered="1"/></method><method name="equals" desc="(Les/unileon/prg1/candyClean/Color;)Z" line="64"><counter type="INSTRUCTION" missed="0" covered="6"/><counter type="LINE" missed="0" covered="1"/><counter type="COMPLEXITY" missed="0" covered="1"/><counter type="METHOD" missed="0" covered="1"/></method><method name="toString" desc="(Ljava/lang/String;)Ljava/lang/String;" line="68"><counter type="INSTRUCTION" missed="0" covered="15"/><counter type="LINE" missed="0" covered="1"/><counter type="COMPLEXITY" missed="0" covered="1"/><counter type="METHOD" missed="0" covered="1"/></method><method name="toString" desc="()Ljava/lang/String;" line="73"><counter type="INSTRUCTION" missed="0" covered="15"/><counter type="LINE" missed="0" covered="1"/><counter type="COMPLEXITY" missed="0" covered="1"/><counter type="METHOD" missed="0" covered="1"/></method><counter type="INSTRUCTION" missed="0" covered="172"/><counter type="BRANCH" missed="1" covered="8"/><counter type="LINE" missed="0" covered="37"/><counter type="COMPLEXITY" missed="1" covered="15"/><counter type="METHOD" missed="0" covered="8"/><counter type="CLASS" missed="0" covered="1"/></class><class name="es/unileon/prg1/candyClean/BoardTest"><method name="&lt;init&gt;" desc="()V"><counter type="INSTRUCTION" missed="0" covered="3"/><counter type="COMPLEXITY" missed="0" covered="1"/><counter type="METHOD" missed="0" covered="1"/></method><method name="setUp" desc="()V"><counter type="INSTRUCTION" missed="0" covered="143"/><counter type="BRANCH" missed="0" covered="4"/><counter type="COMPLEXITY" missed="0" covered="3"/><counter type="METHOD" missed="0" covered="1"/></method><method name="testBoard" desc="()V"><counter type="INSTRUCTION" missed="0" covered="123"/><counter type="BRANCH" missed="0" covered="12"/><counter type="COMPLEXITY" missed="0" covered="7"/><counter type="METHOD" missed="0" covered="1"/></method><method name="testNewBoard" desc="()V"><counter type="INSTRUCTION" missed="0" covered="79"/><counter type="BRANCH" missed="0" covered="10"/><counter type="COMPLEXITY" missed="0" covered="6"/><counter type="METHOD" missed="0" covered="1"/></method><method name="testRemoveRow" desc="()V"><counter type="INSTRUCTION" missed="6" covered="105"/><counter type="BRANCH" missed="4" covered="10"/><counter type="COMPLEXITY" missed="4" covered="4"/><counter type="METHOD" missed="0" covered="1"/></method><method name="testRemoveRowExcesoFilas" desc="()V"><counter type="INSTRUCTION" missed="0" covered="7"/><counter type="COMPLEXITY" missed="0" covered="1"/><counter type="METHOD" missed="0" covered="1"/></method><method name="testRemoveRowExcesoColumnas" desc="()V"><counter type="INSTRUCTION" missed="0" covered="7"/><counter type="COMPLEXITY" missed="0" covered="1"/><counter type="METHOD" missed="0" covered="1"/></method><method name="testRemoveRowDefectoFilas" desc="()V"><counter type="INSTRUCTION" missed="0" covered="7"/><counter type="COMPLEXITY" missed="0" covered="1"/><counter type="METHOD" missed="0" covered="1"/></method><method name="testRemoveRowDefectoColumnas" desc="()V"><counter type="INSTRUCTION" missed="0" covered="7"/><counter type="COMPLEXITY" missed="0" covered="1"/><counter type="METHOD" missed="0" covered="1"/></method><method name="testCompact" desc="()V"><counter type="INSTRUCTION" missed="4" covered="68"/><counter type="BRANCH" missed="2" covered="6"/><counter type="COMPLEXITY" missed="2" covered="3"/><counter type="METHOD" missed="0" covered="1"/></method><method name="testPrintBoard" desc="()V"><counter type="INSTRUCTION" missed="0" covered="192"/><counter type="BRANCH" missed="0" covered="6"/><counter type="COMPLEXITY" missed="0" covered="4"/><counter type="METHOD" missed="0" covered="1"/></method><method name="testGetBoxes" desc="()V"><counter type="INSTRUCTION" missed="0" covered="17"/><counter type="COMPLEXITY" missed="0" covered="1"/><counter type="METHOD" missed="0" covered="1"/></method><method name="testToString" desc="()V"><counter type="INSTRUCTION" missed="0" covered="191"/><counter type="BRANCH" missed="0" covered="6"/><counter type="COMPLEXITY" missed="0" covered="4"/><counter type="METHOD" missed="0" covered="1"/></method><counter type="INSTRUCTION" missed="10" covered="949"/><counter type="BRANCH" missed="6" covered="54"/><counter type="COMPLEXITY" missed="6" covered="37"/><counter type="METHOD" missed="0" covered="13"/><counter type="CLASS" missed="0" covered="1"/></class><class name="es/unileon/prg1/candyClean/TextUI" sourcefilename="TextUI.java"><method name="&lt;init&gt;" desc="(Les/unileon/prg1/candyClean/CandyClean;)V" line="17"><counter type="INSTRUCTION" missed="9" covered="0"/><counter type="LINE" missed="4" covered="0"/><counter type="COMPLEXITY" missed="1" covered="0"/><counter type="METHOD" missed="1" covered="0"/></method><method name="start" desc="()V" line="23"><counter type="INSTRUCTION" missed="58" covered="0"/><counter type="BRANCH" missed="9" covered="0"/><counter type="LINE" missed="23" covered="0"/><counter type="COMPLEXITY" missed="6" covered="0"/><counter type="METHOD" missed="1" covered="0"/></method><method name="option1" desc="()V" line="61"><counter type="INSTRUCTION" missed="80" covered="0"/><counter type="BRANCH" missed="10" covered="0"/><counter type="LINE" missed="22" covered="0"/><counter type="COMPLEXITY" missed="6" covered="0"/><counter type="METHOD" missed="1" covered="0"/></method><method name="&lt;clinit&gt;" desc="()V" line="13"><counter type="INSTRUCTION" missed="4" covered="0"/><counter type="LINE" missed="1" covered="0"/><counter type="COMPLEXITY" missed="1" covered="0"/><counter type="METHOD" missed="1" covered="0"/></method><counter type="INSTRUCTION" missed="151" covered="0"/><counter type="BRANCH" missed="19" covered="0"/><counter type="LINE" missed="50" covered="0"/><counter type="COMPLEXITY" missed="14" covered="0"/><counter type="METHOD" missed="4" covered="0"/><counter type="CLASS" missed="1" covered="0"/></class><class name="es/unileon/prg1/candyClean/Box" sourcefilename="Box.java"><method name="&lt;init&gt;" desc="(Les/unileon/prg1/candyClean/BackgroundColor;)V" line="25"><counter type="INSTRUCTION" missed="0" covered="12"/><counter type="LINE" missed="0" covered="4"/><counter type="COMPLEXITY" missed="0" covered="1"/><counter type="METHOD" missed="0" covered="1"/></method><method name="setColor" desc="(Les/unileon/prg1/candyClean/Color;)V" line="37"><counter type="INSTRUCTION" missed="0" covered="7"/><counter type="LINE" missed="0" covered="3"/><counter type="COMPLEXITY" missed="0" covered="1"/><counter type="METHOD" missed="0" covered="1"/></method><method name="getColor" desc="()Les/unileon/prg1/candyClean/Color;" line="47"><counter type="INSTRUCTION" missed="0" covered="6"/><counter type="LINE" missed="0" covered="2"/><counter type="COMPLEXITY" missed="0" covered="1"/><counter type="METHOD" missed="0" covered="1"/></method><method name="removeBox" desc="()V" line="58"><counter type="INSTRUCTION" missed="0" covered="10"/><counter type="LINE" missed="0" covered="3"/><counter type="COMPLEXITY" missed="0" covered="1"/><counter type="METHOD" missed="0" covered="1"/></method><method name="isSame" desc="(Les/unileon/prg1/candyClean/Box;)Z" line="70"><counter type="INSTRUCTION" missed="0" covered="16"/><counter type="BRANCH" missed="0" covered="2"/><counter type="LINE" missed="0" covered="5"/><counter type="COMPLEXITY" missed="0" covered="2"/><counter type="METHOD" missed="0" covered="1"/></method><method name="toString" desc="()Ljava/lang/String;" line="81"><counter type="INSTRUCTION" missed="0" covered="4"/><counter type="LINE" missed="0" covered="1"/><counter type="COMPLEXITY" missed="0" covered="1"/><counter type="METHOD" missed="0" covered="1"/></method><method name="&lt;clinit&gt;" desc="()V" line="18"><counter type="INSTRUCTION" missed="0" covered="4"/><counter type="LINE" missed="0" covered="1"/><counter type="COMPLEXITY" missed="0" covered="1"/><counter type="METHOD" missed="0" covered="1"/></method><counter type="INSTRUCTION" missed="0" covered="59"/><counter type="BRANCH" missed="0" covered="2"/><counter type="LINE" missed="0" covered="19"/><counter type="COMPLEXITY" missed="0" covered="8"/><counter type="METHOD" missed="0" covered="7"/><counter type="CLASS" missed="0" covered="1"/></class><class name="es/unileon/prg1/candyClean/Teclado" sourcefilename="Teclado.java"><method name="&lt;init&gt;" desc="()V" line="28"><counter type="INSTRUCTION" missed="3" covered="0"/><counter type="LINE" missed="1" covered="0"/><counter type="COMPLEXITY" missed="1" covered="0"/><counter type="METHOD" missed="1" covered="0"/></method><method name="readInteger" desc="()I" line="55"><counter type="INSTRUCTION" missed="20" covered="0"/><counter type="LINE" missed="11" covered="0"/><counter type="COMPLEXITY" missed="1" covered="0"/><counter type="METHOD" missed="1" covered="0"/></method><method name="readShort" desc="()S" line="80"><counter type="INSTRUCTION" missed="20" covered="0"/><counter type="LINE" missed="11" covered="0"/><counter type="COMPLEXITY" missed="1" covered="0"/><counter type="METHOD" missed="1" covered="0"/></method><method name="readLong" desc="()J" line="107"><counter type="INSTRUCTION" missed="20" covered="0"/><counter type="LINE" missed="11" covered="0"/><counter type="COMPLEXITY" missed="1" covered="0"/><counter type="METHOD" missed="1" covered="0"/></method><method name="readFloat" desc="()F" line="133"><counter type="INSTRUCTION" missed="20" covered="0"/><counter type="LINE" missed="11" covered="0"/><counter type="COMPLEXITY" missed="1" covered="0"/><counter type="METHOD" missed="1" covered="0"/></method><method name="readDouble" desc="()D" line="158"><counter type="INSTRUCTION" missed="20" covered="0"/><counter type="LINE" missed="11" covered="0"/><counter type="COMPLEXITY" missed="1" covered="0"/><counter type="METHOD" missed="1" covered="0"/></method><method name="readChar" desc="()C" line="179"><counter type="INSTRUCTION" missed="12" covered="0"/><counter type="LINE" missed="6" covered="0"/><counter type="COMPLEXITY" missed="1" covered="0"/><counter type="METHOD" missed="1" covered="0"/></method><method name="readString" desc="()Ljava/lang/String;" line="195"><counter type="INSTRUCTION" missed="15" covered="0"/><counter type="BRANCH" missed="2" covered="0"/><counter type="LINE" missed="8" covered="0"/><counter type="COMPLEXITY" missed="2" covered="0"/><counter type="METHOD" missed="1" covered="0"/></method><method name="error" desc="(Ljava/lang/String;)V" line="211"><counter type="INSTRUCTION" missed="16" covered="0"/><counter type="LINE" missed="4" covered="0"/><counter type="COMPLEXITY" missed="1" covered="0"/><counter type="METHOD" missed="1" covered="0"/></method><method name="&lt;clinit&gt;" desc="()V" line="37"><counter type="INSTRUCTION" missed="9" covered="0"/><counter type="LINE" missed="1" covered="0"/><counter type="COMPLEXITY" missed="1" covered="0"/><counter type="METHOD" missed="1" covered="0"/></method><counter type="INSTRUCTION" missed="155" covered="0"/><counter type="BRANCH" missed="2" covered="0"/><counter type="LINE" missed="75" covered="0"/><counter type="COMPLEXITY" missed="11" covered="0"/><counter type="METHOD" missed="10" covered="0"/><counter type="CLASS" missed="1" covered="0"/></class><class name="es/unileon/prg1/candyClean/Board" sourcefilename="Board.java"><method name="&lt;init&gt;" desc="(II)V" line="27"><counter type="INSTRUCTION" missed="14" covered="32"/><counter type="BRANCH" missed="4" covered="4"/><counter type="LINE" missed="3" covered="10"/><counter type="COMPLEXITY" missed="4" covered="1"/><counter type="METHOD" missed="0" covered="1"/></method><method name="newBoard" desc="()V" line="46"><counter type="INSTRUCTION" missed="0" covered="58"/><counter type="BRANCH" missed="0" covered="4"/><counter type="LINE" missed="0" covered="10"/><counter type="COMPLEXITY" missed="0" covered="3"/><counter type="METHOD" missed="0" covered="1"/></method><method name="removeBox" desc="(II)Z" line="65"><counter type="INSTRUCTION" missed="0" covered="149"/><counter type="BRANCH" missed="1" covered="21"/><counter type="LINE" missed="0" covered="24"/><counter type="COMPLEXITY" missed="1" covered="11"/><counter type="METHOD" missed="0" covered="1"/></method><method name="compact" desc="()V" line="105"><counter type="INSTRUCTION" missed="0" covered="73"/><counter type="BRANCH" missed="0" covered="6"/><counter type="LINE" missed="0" covered="11"/><counter type="COMPLEXITY" missed="0" covered="4"/><counter type="METHOD" missed="0" covered="1"/></method><method name="printBoard" desc="()Ljava/lang/StringBuffer;" line="123"><counter type="INSTRUCTION" missed="0" covered="69"/><counter type="BRANCH" missed="0" covered="6"/><counter type="LINE" missed="0" covered="10"/><counter type="COMPLEXITY" missed="0" covered="4"/><counter type="METHOD" missed="0" covered="1"/></method><method name="getBoxes" desc="()[[Les/unileon/prg1/candyClean/Box;" line="143"><counter type="INSTRUCTION" missed="0" covered="6"/><counter type="LINE" missed="0" covered="2"/><counter type="COMPLEXITY" missed="0" covered="1"/><counter type="METHOD" missed="0" covered="1"/></method><method name="toString" desc="()Ljava/lang/String;" line="153"><counter type="INSTRUCTION" missed="0" covered="74"/><counter type="BRANCH" missed="0" covered="6"/><counter type="LINE" missed="0" covered="11"/><counter type="COMPLEXITY" missed="0" covered="4"/><counter type="METHOD" missed="0" covered="1"/></method><method name="&lt;clinit&gt;" desc="()V" line="15"><counter type="INSTRUCTION" missed="0" covered="4"/><counter type="LINE" missed="0" covered="1"/><counter type="COMPLEXITY" missed="0" covered="1"/><counter type="METHOD" missed="0" covered="1"/></method><counter type="INSTRUCTION" missed="14" covered="465"/><counter type="BRANCH" missed="5" covered="47"/><counter type="LINE" missed="3" covered="79"/><counter type="COMPLEXITY" missed="5" covered="29"/><counter type="METHOD" missed="0" covered="8"/><counter type="CLASS" missed="0" covered="1"/></class><class name="es/unileon/prg1/candyClean/BoxTest"><method name="&lt;init&gt;" desc="()V"><counter type="INSTRUCTION" missed="0" covered="3"/><counter type="COMPLEXITY" missed="0" covered="1"/><counter type="METHOD" missed="0" covered="1"/></method><method name="setUp" desc="()V"><counter type="INSTRUCTION" missed="0" covered="20"/><counter type="COMPLEXITY" missed="0" covered="1"/><counter type="METHOD" missed="0" covered="1"/></method><method name="testBox" desc="()V"><counter type="INSTRUCTION" missed="0" covered="7"/><counter type="COMPLEXITY" missed="0" covered="1"/><counter type="METHOD" missed="0" covered="1"/></method><method name="testSetColor" desc="()V"><counter type="INSTRUCTION" missed="0" covered="8"/><counter type="COMPLEXITY" missed="0" covered="1"/><counter type="METHOD" missed="0" covered="1"/></method><method name="testGetColor" desc="()V"><counter type="INSTRUCTION" missed="0" covered="5"/><counter type="COMPLEXITY" missed="0" covered="1"/><counter type="METHOD" missed="0" covered="1"/></method><method name="testIsSame" desc="()V"><counter type="INSTRUCTION" missed="19" covered="0"/><counter type="COMPLEXITY" missed="1" covered="0"/><counter type="METHOD" missed="1" covered="0"/></method><method name="testRemoveBox" desc="()V"><counter type="INSTRUCTION" missed="0" covered="4"/><counter type="COMPLEXITY" missed="0" covered="1"/><counter type="METHOD" missed="0" covered="1"/></method><method name="testToString" desc="()V"><counter type="INSTRUCTION" missed="0" covered="5"/><counter type="COMPLEXITY" missed="0" covered="1"/><counter type="METHOD" missed="0" covered="1"/></method><counter type="INSTRUCTION" missed="19" covered="52"/><counter type="COMPLEXITY" missed="1" covered="7"/><counter type="METHOD" missed="1" covered="7"/><counter type="CLASS" missed="0" covered="1"/></class><sourcefile name="BackgroundColor.java"><line nr="3" mi="0" ci="36" mb="0" cb="0"/><line nr="5" mi="0" ci="48" mb="0" cb="0"/><counter type="INSTRUCTION" missed="0" covered="84"/><counter type="LINE" missed="0" covered="2"/><counter type="COMPLEXITY" missed="0" covered="1"/><counter type="METHOD" missed="0" covered="1"/><counter type="CLASS" missed="0" covered="1"/></sourcefile><sourcefile name="Teclado.java"><line nr="28" mi="3" ci="0" mb="0" cb="0"/><line nr="37" mi="9" ci="0" mb="0" cb="0"/><line nr="55" mi="2" ci="0" mb="0" cb="0"/><line nr="56" mi="2" ci="0" mb="0" cb="0"/><line nr="58" mi="3" ci="0" mb="0" cb="0"/><line nr="59" mi="1" ci="0" mb="0" cb="0"/><line nr="60" mi="2" ci="0" mb="0" cb="0"/><line nr="61" mi="1" ci="0" mb="0" cb="0"/><line nr="63" mi="3" ci="0" mb="0" cb="0"/><line nr="64" mi="1" ci="0" mb="0" cb="0"/><line nr="65" mi="2" ci="0" mb="0" cb="0"/><line nr="66" mi="1" ci="0" mb="0" cb="0"/><line nr="67" mi="2" ci="0" mb="0" cb="0"/><line nr="80" mi="2" ci="0" mb="0" cb="0"/><line nr="81" mi="2" ci="0" mb="0" cb="0"/><line nr="83" mi="3" ci="0" mb="0" cb="0"/><line nr="84" mi="1" ci="0" mb="0" cb="0"/><line nr="85" mi="2" ci="0" mb="0" cb="0"/><line nr="86" mi="1" ci="0" mb="0" cb="0"/><line nr="88" mi="3" ci="0" mb="0" cb="0"/><line nr="89" mi="1" ci="0" mb="0" cb="0"/><line nr="90" mi="2" ci="0" mb="0" cb="0"/><line nr="91" mi="1" ci="0" mb="0" cb="0"/><line nr="92" mi="2" ci="0" mb="0" cb="0"/><line nr="107" mi="2" ci="0" mb="0" cb="0"/><line nr="108" mi="2" ci="0" mb="0" cb="0"/><line nr="110" mi="3" ci="0" mb="0" cb="0"/><line nr="111" mi="1" ci="0" mb="0" cb="0"/><line nr="112" mi="2" ci="0" mb="0" cb="0"/><line nr="113" mi="1" ci="0" mb="0" cb="0"/><line nr="115" mi="3" ci="0" mb="0" cb="0"/><line nr="116" mi="1" ci="0" mb="0" cb="0"/><line nr="117" mi="2" ci="0" mb="0" cb="0"/><line nr="118" mi="1" ci="0" mb="0" cb="0"/><line nr="119" mi="2" ci="0" mb="0" cb="0"/><line nr="133" mi="2" ci="0" mb="0" cb="0"/><line nr="134" mi="2" ci="0" mb="0" cb="0"/><line nr="136" mi="3" ci="0" mb="0" cb="0"/><line nr="137" mi="1" ci="0" mb="0" cb="0"/><line nr="138" mi="2" ci="0" mb="0" cb="0"/><line nr="139" mi="1" ci="0" mb="0" cb="0"/><line nr="141" mi="3" ci="0" mb="0" cb="0"/><line nr="142" mi="1" ci="0" mb="0" cb="0"/><line nr="143" mi="2" ci="0" mb="0" cb="0"/><line nr="144" mi="1" ci="0" mb="0" cb="0"/><line nr="145" mi="2" ci="0" mb="0" cb="0"/><line nr="158" mi="2" ci="0" mb="0" cb="0"/><line nr="159" mi="2" ci="0" mb="0" cb="0"/><line nr="161" mi="3" ci="0" mb="0" cb="0"/><line nr="162" mi="1" ci="0" mb="0" cb="0"/><line nr="163" mi="2" ci="0" mb="0" cb="0"/><line nr="164" mi="1" ci="0" mb="0" cb="0"/><line nr="166" mi="3" ci="0" mb="0" cb="0"/><line nr="167" mi="1" ci="0" mb="0" cb="0"/><line nr="168" mi="2" ci="0" mb="0" cb="0"/><line nr="169" mi="1" ci="0" mb="0" cb="0"/><line nr="170" mi="2" ci="0" mb="0" cb="0"/><line nr="179" mi="2" ci="0" mb="0" cb="0"/><line nr="181" mi="4" ci="0" mb="0" cb="0"/><line nr="182" mi="1" ci="0" mb="0" cb="0"/><line nr="183" mi="2" ci="0" mb="0" cb="0"/><line nr="184" mi="1" ci="0" mb="0" cb="0"/><line nr="185" mi="2" ci="0" mb="0" cb="0"/><line nr="195" mi="2" ci="0" mb="0" cb="0"/><line nr="197" mi="3" ci="0" mb="0" cb="0"/><line nr="198" mi="1" ci="0" mb="0" cb="0"/><line nr="199" mi="2" ci="0" mb="0" cb="0"/><line nr="200" mi="1" ci="0" mb="0" cb="0"/><line nr="201" mi="2" ci="0" mb="2" cb="0"/><line nr="202" mi="2" ci="0" mb="0" cb="0"/><line nr="204" mi="2" ci="0" mb="0" cb="0"/><line nr="211" mi="10" ci="0" mb="0" cb="0"/><line nr="212" mi="3" ci="0" mb="0" cb="0"/><line nr="213" mi="2" ci="0" mb="0" cb="0"/><line nr="214" mi="1" ci="0" mb="0" cb="0"/><counter type="INSTRUCTION" missed="155" covered="0"/><counter type="BRANCH" missed="2" covered="0"/><counter type="LINE" missed="75" covered="0"/><counter type="COMPLEXITY" missed="11" covered="0"/><counter type="METHOD" missed="10" covered="0"/><counter type="CLASS" missed="1" covered="0"/></sourcefile><sourcefile name="Box.java"><line nr="18" mi="0" ci="4" mb="0" cb="0"/><line nr="25" mi="0" ci="2" mb="0" cb="0"/><line nr="26" mi="0" ci="3" mb="0" cb="0"/><line nr="28" mi="0" ci="6" mb="0" cb="0"/><line nr="31" mi="0" ci="1" mb="0" cb="0"/><line nr="37" mi="0" ci="3" mb="0" cb="0"/><line nr="38" mi="0" ci="3" mb="0" cb="0"/><line nr="40" mi="0" ci="1" mb="0" cb="0"/><line nr="47" mi="0" ci="3" mb="0" cb="0"/><line nr="49" mi="0" ci="3" mb="0" cb="0"/><line nr="58" mi="0" ci="3" mb="0" cb="0"/><line nr="59" mi="0" ci="6" mb="0" cb="0"/><line nr="61" mi="0" ci="1" mb="0" cb="0"/><line nr="70" mi="0" ci="3" mb="0" cb="0"/><line nr="72" mi="0" ci="6" mb="0" cb="2"/><line nr="73" mi="0" ci="3" mb="0" cb="0"/><line nr="74" mi="0" ci="2" mb="0" cb="0"/><line nr="76" mi="0" ci="2" mb="0" cb="0"/><line nr="81" mi="0" ci="4" mb="0" cb="0"/><counter type="INSTRUCTION" missed="0" covered="59"/><counter type="BRANCH" missed="0" covered="2"/><counter type="LINE" missed="0" covered="19"/><counter type="COMPLEXITY" missed="0" covered="8"/><counter type="METHOD" missed="0" covered="7"/><counter type="CLASS" missed="0" covered="1"/></sourcefile><sourcefile name="Color.java"><line nr="6" mi="0" ci="6" mb="0" cb="0"/><line nr="7" mi="0" ci="6" mb="0" cb="0"/><line nr="8" mi="0" ci="6" mb="0" cb="0"/><line nr="9" mi="0" ci="6" mb="0" cb="0"/><line nr="10" mi="0" ci="6" mb="0" cb="0"/><line nr="11" mi="0" ci="6" mb="0" cb="0"/><line nr="12" mi="0" ci="6" mb="0" cb="0"/><line nr="13" mi="0" ci="6" mb="0" cb="0"/><line nr="14" mi="0" ci="6" mb="0" cb="0"/><line nr="18" mi="0" ci="2" mb="0" cb="0"/><line nr="19" mi="0" ci="5" mb="1" cb="8"/><line nr="21" mi="0" ci="6" mb="0" cb="0"/><line nr="22" mi="0" ci="1" mb="0" cb="0"/><line nr="24" mi="0" ci="6" mb="0" cb="0"/><line nr="25" mi="0" ci="1" mb="0" cb="0"/><line nr="27" mi="0" ci="6" mb="0" cb="0"/><line nr="28" mi="0" ci="1" mb="0" cb="0"/><line nr="30" mi="0" ci="6" mb="0" cb="0"/><line nr="31" mi="0" ci="1" mb="0" cb="0"/><line nr="33" mi="0" ci="6" mb="0" cb="0"/><line nr="34" mi="0" ci="1" mb="0" cb="0"/><line nr="36" mi="0" ci="6" mb="0" cb="0"/><line nr="37" mi="0" ci="1" mb="0" cb="0"/><line nr="39" mi="0" ci="6" mb="0" cb="0"/><line nr="40" mi="0" ci="1" mb="0" cb="0"/><line nr="42" mi="0" ci="6" mb="0" cb="0"/><line nr="45" mi="0" ci="1" mb="0" cb="0"/><line nr="48" mi="0" ci="5" mb="0" cb="0"/><line nr="49" mi="0" ci="1" mb="0" cb="0"/><line nr="51" mi="0" ci="2" mb="0" cb="0"/><line nr="52" mi="0" ci="4" mb="0" cb="0"/><line nr="53" mi="0" ci="1" mb="0" cb="0"/><line nr="56" mi="0" ci="3" mb="0" cb="0"/><line nr="60" mi="0" ci="3" mb="0" cb="0"/><line nr="64" mi="0" ci="6" mb="0" cb="0"/><line nr="68" mi="0" ci="15" mb="0" cb="0"/><line nr="73" mi="0" ci="15" mb="0" cb="0"/><counter type="INSTRUCTION" missed="0" covered="172"/><counter type="BRANCH" missed="1" covered="8"/><counter type="LINE" missed="0" covered="37"/><counter type="COMPLEXITY" missed="1" covered="15"/><counter type="METHOD" missed="0" covered="8"/><counter type="CLASS" missed="0" covered="1"/></sourcefile><sourcefile name="TextUI.java"><line nr="13" mi="4" ci="0" mb="0" cb="0"/><line nr="17" mi="2" ci="0" mb="0" cb="0"/><line nr="18" mi="3" ci="0" mb="0" cb="0"/><line nr="19" mi="3" ci="0" mb="0" cb="0"/><line nr="20" mi="1" ci="0" mb="0" cb="0"/><line nr="23" mi="2" ci="0" mb="0" cb="0"/><line nr="24" mi="2" ci="0" mb="0" cb="0"/><line nr="26" mi="3" ci="0" mb="0" cb="0"/><line nr="28" mi="3" ci="0" mb="0" cb="0"/><line nr="29" mi="3" ci="0" mb="0" cb="0"/><line nr="30" mi="3" ci="0" mb="0" cb="0"/><line nr="31" mi="3" ci="0" mb="0" cb="0"/><line nr="32" mi="3" ci="0" mb="0" cb="0"/><line nr="33" mi="3" ci="0" mb="0" cb="0"/><line nr="34" mi="3" ci="0" mb="0" cb="0"/><line nr="35" mi="2" ci="0" mb="0" cb="0"/><line nr="36" mi="6" ci="0" mb="4" cb="0"/><line nr="39" mi="2" ci="0" mb="3" cb="0"/><line nr="41" mi="2" ci="0" mb="0" cb="0"/><line nr="42" mi="2" ci="0" mb="0" cb="0"/><line nr="44" mi="1" ci="0" mb="0" cb="0"/><line nr="46" mi="2" ci="0" mb="0" cb="0"/><line nr="47" mi="3" ci="0" mb="0" cb="0"/><line nr="50" mi="1" ci="0" mb="0" cb="0"/><line nr="52" mi="4" ci="0" mb="0" cb="0"/><line nr="54" mi="1" ci="0" mb="0" cb="0"/><line nr="56" mi="3" ci="0" mb="2" cb="0"/><line nr="58" mi="1" ci="0" mb="0" cb="0"/><line nr="61" mi="3" ci="0" mb="0" cb="0"/><line nr="62" mi="8" ci="0" mb="4" cb="0"/><line nr="63" mi="5" ci="0" mb="0" cb="0"/><line nr="64" mi="3" ci="0" mb="0" cb="0"/><line nr="65" mi="2" ci="0" mb="0" cb="0"/><line nr="66" mi="3" ci="0" mb="0" cb="0"/><line nr="67" mi="2" ci="0" mb="0" cb="0"/><line nr="68" mi="7" ci="0" mb="2" cb="0"/><line nr="69" mi="3" ci="0" mb="0" cb="0"/><line nr="70" mi="5" ci="0" mb="0" cb="0"/><line nr="72" mi="3" ci="0" mb="0" cb="0"/><line nr="74" mi="2" ci="0" mb="0" cb="0"/><line nr="75" mi="1" ci="0" mb="0" cb="0"/><line nr="76" mi="5" ci="0" mb="2" cb="0"/><line nr="77" mi="3" ci="0" mb="0" cb="0"/><line nr="78" mi="5" ci="0" mb="0" cb="0"/><line nr="79" mi="3" ci="0" mb="0" cb="0"/><line nr="81" mi="5" ci="0" mb="2" cb="0"/><line nr="82" mi="3" ci="0" mb="0" cb="0"/><line nr="83" mi="5" ci="0" mb="0" cb="0"/><line nr="84" mi="3" ci="0" mb="0" cb="0"/><line nr="87" mi="1" ci="0" mb="0" cb="0"/><counter type="INSTRUCTION" missed="151" covered="0"/><counter type="BRANCH" missed="19" covered="0"/><counter type="LINE" missed="50" covered="0"/><counter type="COMPLEXITY" missed="14" covered="0"/><counter type="METHOD" missed="4" covered="0"/><counter type="CLASS" missed="1" covered="0"/></sourcefile><sourcefile name="CandyClean.java"><line nr="14" mi="0" ci="4" mb="0" cb="0"/><line nr="23" mi="0" ci="2" mb="0" cb="0"/><line nr="24" mi="0" ci="3" mb="0" cb="0"/><line nr="25" mi="0" ci="7" mb="0" cb="0"/><line nr="26" mi="0" ci="1" mb="0" cb="0"/><line nr="34" mi="0" ci="3" mb="0" cb="0"/><line nr="35" mi="0" ci="6" mb="0" cb="0"/><line nr="36" mi="0" ci="1" mb="0" cb="0"/><line nr="40" mi="0" ci="3" mb="0" cb="0"/><line nr="41" mi="0" ci="4" mb="0" cb="0"/><line nr="42" mi="0" ci="5" mb="0" cb="0"/><line nr="43" mi="0" ci="8" mb="0" cb="2"/><line nr="44" mi="0" ci="3" mb="0" cb="0"/><line nr="45" mi="0" ci="8" mb="0" cb="2"/><line nr="46" mi="0" ci="3" mb="0" cb="0"/><line nr="47" mi="0" ci="9" mb="0" cb="2"/><line nr="48" mi="0" ci="3" mb="0" cb="0"/><line nr="49" mi="0" ci="2" mb="0" cb="0"/><line nr="53" mi="0" ci="2" mb="0" cb="0"/><line nr="57" mi="0" ci="3" mb="0" cb="0"/><line nr="58" mi="0" ci="4" mb="0" cb="0"/><line nr="59" mi="0" ci="5" mb="0" cb="0"/><line nr="60" mi="0" ci="8" mb="0" cb="2"/><line nr="61" mi="0" ci="3" mb="0" cb="0"/><line nr="62" mi="0" ci="10" mb="0" cb="2"/><line nr="63" mi="0" ci="3" mb="0" cb="0"/><line nr="64" mi="0" ci="22" mb="1" cb="3"/><line nr="65" mi="0" ci="3" mb="0" cb="0"/><line nr="66" mi="0" ci="2" mb="0" cb="0"/><line nr="70" mi="0" ci="2" mb="0" cb="0"/><line nr="75" mi="0" ci="3" mb="0" cb="0"/><line nr="79" mi="0" ci="3" mb="0" cb="0"/><line nr="82" mi="0" ci="1" mb="0" cb="0"/><line nr="89" mi="4" ci="0" mb="0" cb="0"/><counter type="INSTRUCTION" missed="4" covered="149"/><counter type="BRANCH" missed="1" covered="13"/><counter type="LINE" missed="1" covered="33"/><counter type="COMPLEXITY" missed="2" covered="13"/><counter type="METHOD" missed="1" covered="7"/><counter type="CLASS" missed="0" covered="1"/></sourcefile><sourcefile name="CandyCleanException.java"><line nr="12" mi="3" ci="0" mb="0" cb="0"/><line nr="13" mi="1" ci="0" mb="0" cb="0"/><counter type="INSTRUCTION" missed="4" covered="0"/><counter type="LINE" missed="2" covered="0"/><counter type="COMPLEXITY" missed="1" covered="0"/><counter type="METHOD" missed="1" covered="0"/><counter type="CLASS" missed="1" covered="0"/></sourcefile><sourcefile name="MainCandyClean.java"><line nr="9" mi="3" ci="0" mb="0" cb="0"/><line nr="13" mi="4" ci="0" mb="2" cb="0"/><line nr="14" mi="4" ci="0" mb="0" cb="0"/><line nr="17" mi="5" ci="0" mb="0" cb="0"/><line nr="18" mi="5" ci="0" mb="0" cb="0"/><line nr="19" mi="6" ci="0" mb="0" cb="0"/><line nr="20" mi="5" ci="0" mb="0" cb="0"/><line nr="21" mi="2" ci="0" mb="0" cb="0"/><line nr="23" mi="1" ci="0" mb="0" cb="0"/><line nr="24" mi="4" ci="0" mb="0" cb="0"/><line nr="25" mi="1" ci="0" mb="0" cb="0"/><line nr="27" mi="1" ci="0" mb="0" cb="0"/><counter type="INSTRUCTION" missed="41" covered="0"/><counter type="BRANCH" missed="2" covered="0"/><counter type="LINE" missed="12" covered="0"/><counter type="COMPLEXITY" missed="3" covered="0"/><counter type="METHOD" missed="2" covered="0"/><counter type="CLASS" missed="1" covered="0"/></sourcefile><sourcefile name="Board.java"><line nr="15" mi="0" ci="4" mb="0" cb="0"/><line nr="27" mi="0" ci="2" mb="0" cb="0"/><line nr="28" mi="0" ci="3" mb="0" cb="0"/><line nr="29" mi="0" ci="4" mb="0" cb="0"/><line nr="30" mi="0" ci="3" mb="1" cb="1"/><line nr="31" mi="4" ci="0" mb="0" cb="0"/><line nr="33" mi="0" ci="6" mb="2" cb="2"/><line nr="34" mi="4" ci="0" mb="0" cb="0"/><line nr="36" mi="0" ci="3" mb="1" cb="1"/><line nr="37" mi="6" ci="0" mb="0" cb="0"/><line nr="40" mi="0" ci="5" mb="0" cb="0"/><line nr="41" mi="0" ci="3" mb="0" cb="0"/><line nr="42" mi="0" ci="2" mb="0" cb="0"/><line nr="43" mi="0" ci="1" mb="0" cb="0"/><line nr="46" mi="0" ci="3" mb="0" cb="0"/><line nr="47" mi="0" ci="2" mb="0" cb="0"/><line nr="48" mi="0" ci="6" mb="0" cb="0"/><line nr="49" mi="0" ci="9" mb="0" cb="2"/><line nr="50" mi="0" ci="3" mb="0" cb="0"/><line nr="51" mi="0" ci="11" mb="0" cb="2"/><line nr="52" mi="0" ci="3" mb="0" cb="0"/><line nr="53" mi="0" ci="8" mb="0" cb="0"/><line nr="54" mi="0" ci="12" mb="0" cb="0"/><line nr="57" mi="0" ci="1" mb="0" cb="0"/><line nr="65" mi="0" ci="3" mb="0" cb="0"/><line nr="66" mi="0" ci="2" mb="0" cb="0"/><line nr="67" mi="0" ci="2" mb="0" cb="0"/><line nr="68" mi="0" ci="16" mb="0" cb="8"/><line nr="69" mi="0" ci="3" mb="0" cb="0"/><line nr="72" mi="0" ci="11" mb="0" cb="4"/><line nr="73" mi="0" ci="3" mb="0" cb="0"/><line nr="74" mi="0" ci="16" mb="0" cb="2"/><line nr="75" mi="0" ci="3" mb="0" cb="0"/><line nr="76" mi="0" ci="11" mb="0" cb="0"/><line nr="77" mi="0" ci="3" mb="0" cb="0"/><line nr="79" mi="0" ci="2" mb="0" cb="0"/><line nr="82" mi="0" ci="2" mb="0" cb="0"/><line nr="83" mi="0" ci="16" mb="0" cb="4"/><line nr="84" mi="0" ci="3" mb="0" cb="0"/><line nr="85" mi="0" ci="16" mb="0" cb="2"/><line nr="86" mi="0" ci="3" mb="0" cb="0"/><line nr="87" mi="0" ci="11" mb="0" cb="0"/><line nr="88" mi="0" ci="3" mb="0" cb="0"/><line nr="90" mi="0" ci="2" mb="0" cb="0"/><line nr="93" mi="0" ci="2" mb="1" cb="1"/><line nr="94" mi="0" ci="3" mb="0" cb="0"/><line nr="95" mi="0" ci="11" mb="0" cb="0"/><line nr="99" mi="0" ci="2" mb="0" cb="0"/><line nr="105" mi="0" ci="3" mb="0" cb="0"/><line nr="106" mi="0" ci="5" mb="0" cb="0"/><line nr="107" mi="0" ci="10" mb="0" cb="2"/><line nr="108" mi="0" ci="3" mb="0" cb="0"/><line nr="109" mi="0" ci="11" mb="0" cb="2"/><line nr="110" mi="0" ci="3" mb="0" cb="0"/><line nr="111" mi="0" ci="9" mb="0" cb="2"/><line nr="112" mi="0" ci="3" mb="0" cb="0"/><line nr="113" mi="0" ci="16" mb="0" cb="0"/><line nr="114" mi="0" ci="9" mb="0" cb="0"/><line nr="118" mi="0" ci="1" mb="0" cb="0"/><line nr="123" mi="0" ci="5" mb="0" cb="0"/><line nr="124" mi="0" ci="9" mb="0" cb="2"/><line nr="125" mi="0" ci="12" mb="0" cb="0"/><line nr="127" mi="0" ci="4" mb="0" cb="0"/><line nr="128" mi="0" ci="9" mb="0" cb="2"/><line nr="129" mi="0" ci="5" mb="0" cb="0"/><line nr="130" mi="0" ci="9" mb="0" cb="2"/><line nr="131" mi="0" ci="10" mb="0" cb="0"/><line nr="133" mi="0" ci="4" mb="0" cb="0"/><line nr="135" mi="0" ci="2" mb="0" cb="0"/><line nr="143" mi="0" ci="3" mb="0" cb="0"/><line nr="144" mi="0" ci="3" mb="0" cb="0"/><line nr="153" mi="0" ci="4" mb="0" cb="0"/><line nr="154" mi="0" ci="4" mb="0" cb="0"/><line nr="155" mi="0" ci="9" mb="0" cb="2"/><line nr="156" mi="0" ci="12" mb="0" cb="0"/><line nr="158" mi="0" ci="4" mb="0" cb="0"/><line nr="159" mi="0" ci="9" mb="0" cb="2"/><line nr="160" mi="0" ci="5" mb="0" cb="0"/><line nr="161" mi="0" ci="11" mb="0" cb="2"/><line nr="162" mi="0" ci="9" mb="0" cb="0"/><line nr="164" mi="0" ci="4" mb="0" cb="0"/><line nr="167" mi="0" ci="3" mb="0" cb="0"/><counter type="INSTRUCTION" missed="14" covered="465"/><counter type="BRANCH" missed="5" covered="47"/><counter type="LINE" missed="3" covered="79"/><counter type="COMPLEXITY" missed="5" covered="29"/><counter type="METHOD" missed="0" covered="8"/><counter type="CLASS" missed="0" covered="1"/></sourcefile><counter type="INSTRUCTION" missed="408" covered="2541"/><counter type="BRANCH" missed="36" covered="136"/><counter type="LINE" missed="143" covered="170"/><counter type="COMPLEXITY" missed="46" covered="133"/><counter type="METHOD" missed="21" covered="68"/><counter type="CLASS" missed="5" covered="9"/></package><counter type="INSTRUCTION" missed="408" covered="2541"/><counter type="BRANCH" missed="36" covered="136"/><counter type="LINE" missed="143" covered="170"/><counter type="COMPLEXITY" missed="46" covered="133"/><counter type="METHOD" missed="21" covered="68"/><counter type="CLASS" missed="5" covered="9"/></report>