<?xml version="1.0" encoding="UTF-8" ?>
<testsuite errors="0" failures="1" hostname="DESKTOP-S6P74G8" name="es.unileon.prg1.candyClean.AllTests" skipped="0" tests="31" time="2.549" timestamp="2020-01-09T23:03:02">
  <properties>
[...]
</properties>
  <testcase classname="es.unileon.prg1.candyClean.BoardTest" name="testNewBoard" time="1.932" />
  <testcase classname="es.unileon.prg1.candyClean.BoardTest" name="testBoard" time="0.078" />
  <testcase classname="es.unileon.prg1.candyClean.BoardTest" name="testRemoveRowExcesoFilas" time="0.009" />
  <testcase classname="es.unileon.prg1.candyClean.BoardTest" name="testToString" time="0.008" />
  <testcase classname="es.unileon.prg1.candyClean.BoardTest" name="testGetBoxes" time="0.008" />
  <testcase classname="es.unileon.prg1.candyClean.BoardTest" name="testRemoveRowDefectoFilas" time="0.01" />
  <testcase classname="es.unileon.prg1.candyClean.BoardTest" name="testRemoveRowDefectoColumnas" time="0.009" />
  <testcase classname="es.unileon.prg1.candyClean.BoardTest" name="testCompact" time="0.027" />
  <testcase classname="es.unileon.prg1.candyClean.BoardTest" name="testPrintBoard" time="0.007" />
  <testcase classname="es.unileon.prg1.candyClean.BoardTest" name="testRemoveRow" time="0.014" />
  <testcase classname="es.unileon.prg1.candyClean.BoardTest" name="testRemoveRowExcesoColumnas" time="0.008" />
  <testcase classname="es.unileon.prg1.candyClean.BoxTest" name="testBox" time="0.005" />
  <testcase classname="es.unileon.prg1.candyClean.BoxTest" name="testSetColor" time="0.005" />
  <testcase classname="es.unileon.prg1.candyClean.BoxTest" name="testGetColor" time="0.004" />
  <testcase classname="es.unileon.prg1.candyClean.BoxTest" name="testIsSame" time="0.019">
    <failure type="junit.framework.AssertionFailedError">junit.framework.AssertionFailedError: 
	at es.unileon.prg1.candyClean.BoxTest.testIsSame(Unknown Source)
</failure>
  </testcase>
  <testcase classname="es.unileon.prg1.candyClean.BoxTest" name="testRemoveBox" time="0.005" />
  <testcase classname="es.unileon.prg1.candyClean.BoxTest" name="testToString" time="0.005" />
  <testcase classname="es.unileon.prg1.candyClean.CandyCleanTest" name="testSelectBox" time="0.012" />
  <testcase classname="es.unileon.prg1.candyClean.CandyCleanTest" name="testSelectBoxlb" time="0.011" />
  <testcase classname="es.unileon.prg1.candyClean.CandyCleanTest" name="testCheckWin" time="0.027" />
  <testcase classname="es.unileon.prg1.candyClean.CandyCleanTest" name="testCheckLoose" time="0.034" />
  <testcase classname="es.unileon.prg1.candyClean.CandyCleanTest" name="testGetBoard" time="0.01" />
  <testcase classname="es.unileon.prg1.candyClean.CandyCleanTest" name="testBoardEmpty" time="0.015" />
  <testcase classname="es.unileon.prg1.candyClean.ColorTest" name="testGetColorName" time="0.001" />
  <testcase classname="es.unileon.prg1.candyClean.ColorTest" name="testColor" time="0.001" />
  <testcase classname="es.unileon.prg1.candyClean.ColorTest" name="testAnotherColor" time="0.0" />
  <testcase classname="es.unileon.prg1.candyClean.ColorTest" name="testEquals" time="0.001" />
  <testcase classname="es.unileon.prg1.candyClean.ColorTest" name="testNotEquals" time="0.0" />
  <testcase classname="es.unileon.prg1.candyClean.ColorTest" name="testWrongColor" time="0.001" />
  <testcase classname="es.unileon.prg1.candyClean.ColorTest" name="testToString0" time="0.0" />
  <testcase classname="es.unileon.prg1.candyClean.ColorTest" name="testToString" time="0.001" />
  <system-out><![CDATA[]]></system-out>
  <system-err><![CDATA[]]></system-err>
</testsuite>
